<!DOCTYPE html PUBLIC "-//W3C//DTD XHTML 1.1//EN" "https://www.w3.org/TR/xhtml11/DTD/xhtml11.dtd">
<html xmlns="https://www.w3.org/1999/xhtml">
<head>
<meta charset='utf-8'>
<title>TestNG Report</title>
<style type="text/css">
table {margin-bottom:10px;border-collapse:collapse;empty-cells:show}
td,th {border:1px solid #009;padding:.25em .5em}
.result th {vertical-align:bottom}
.param th {padding-left:1em;padding-right:1em}
.param td {padding-left:.5em;padding-right:2em}
.stripe td,.stripe th {background-color: #E6EBF9}
.numi,.numi_attn {text-align:right}
.total td {font-weight:bold}
.passedodd td {background-color: #0A0}
.passedeven td {background-color: #3F3}
.skippedodd td {background-color: #CCC}
.skippedodd td {background-color: #DDD}
.failedodd td,.numi_attn {background-color: #F33}
.failedeven td,.stripe .numi_attn {background-color: #D00}
.stacktrace {white-space:pre;font-family:monospace}
.totop {font-size:85%;text-align:center;border-bottom:2px solid #000}
</style>
</head>
<body>
<table cellspacing="0" cellpadding="0" class="testOverview">
<tr><th>Test</th><th>Methods<br/>Passed</th><th>Scenarios<br/>Passed</th><th># skipped</th><th># failed</th><th>Total<br/>Time</th><th>Included<br/>Groups</th><th>Excluded<br/>Groups</th></tr>
<tr><td style="text-align:left;padding-right:2em"><a href="#t1">C:/Users/tijan/IdeaProjects/TestNgProjects</a></td><td class="numi">26</td><td class="numi">26</td><td class="numi">0</td><td class="numi_attn">3</td><td class="numi">130.2 seconds</td><td class="numi"></td><td class="numi"></td></tr>
</table>
<table cellspacing="0" cellpadding="0" class="methodOverview" id="summary">
<tr><th>Class</th><th>Method</th><th># of<br/>Scenarios</th><th>Start</th><th>Time<br/>(ms)</th></tr>
<tr id="t1"><th colspan="5">C:/Users/tijan/IdeaProjects/TestNgProjects &#8212; failed</th></tr>
<tr class="failedodd"><td rowspan="3">class3.DataProviderDemo</td><td><a href="#m1"><b>validLogin</b>  </a></td><td class="numi">3</td><td>1621713318220</td><td class="numi">35240</td></tr><tr class="failedodd"><td><a href="#m2"><b>validLogin</b>  </a></td><td class="numi">3</td><td>1621713318220</td><td class="numi">35240</td></tr><tr class="failedodd"><td><a href="#m3"><b>validLogin</b>  </a></td><td class="numi">3</td><td>1621713318220</td><td class="numi">35240</td></tr>
<tr><th colspan="5">C:/Users/tijan/IdeaProjects/TestNgProjects &#8212; passed</th></tr>
<tr class="passedodd"><td>class2.PriotityBatch9</td><td><a href="#m4"><b>logoutMethod</b>  </a></td><td class="numi">1</td><td>1621713300385</td><td class="numi">1</td></tr>
<tr class="passedeven"><td>class3.ExampleBatch9</td><td><a href="#m5"><b>thirdFunction</b> (regression) </a></td><td class="numi">1</td><td>1621713354337</td><td class="numi">2</td></tr>
<tr class="passedodd"><td>class2.PriotityBatch9</td><td><a href="#m6"><b>enterInvalidCrdentials</b>  </a></td><td class="numi">1</td><td>1621713300392</td><td class="numi">1</td></tr>
<tr class="passedeven"><td>class3.LoginTestBatch9</td><td><a href="#m7"><b>validLogin</b> (sprint2) </a></td><td class="numi">1</td><td>1621713363459</td><td class="numi">4331</td></tr>
<tr class="passedodd"><td>class1.LoginTestBatch9</td><td><a href="#m8"><b>validationOfTitle</b>  </a></td><td class="numi">1</td><td>1621713279313</td><td class="numi">17</td></tr>
<tr class="passedeven"><td>class2.AssertionsBatch9</td><td><a href="#m9"><b>assertVerification</b>  </a></td><td class="numi">1</td><td>1621713280289</td><td class="numi">12</td></tr>
<tr class="passedodd"><td>class2.PriotityBatch9</td><td><a href="#m10"><b>anotherTestMethod</b>  </a></td><td class="numi">1</td><td>1621713300394</td><td class="numi">1</td></tr>
<tr class="passedeven"><td>class3.ExampleBatch9</td><td><a href="#m11"><b>firstFunction</b> (smoke) </a></td><td class="numi">1</td><td>1621713354326</td><td class="numi">6</td></tr>
<tr class="passedodd"><td>class3.Grouping</td><td><a href="#m12"><b>thirdMethod</b> (smoke) </a></td><td class="numi">1</td><td>1621713354369</td><td class="numi">2</td></tr>
<tr class="passedeven"><td>class2.PriotityBatch9</td><td><a href="#m13"><b>loginMethod</b>  </a></td><td class="numi">1</td><td>1621713300365</td><td class="numi">1</td></tr>
<tr class="passedodd"><td>class2.EnableAndDisableBatch9</td><td><a href="#m14"><b>validLogin</b>  </a></td><td class="numi">1</td><td>1621713288485</td><td class="numi">2581</td></tr>
<tr class="passedeven"><td>class2.PriotityBatch9</td><td><a href="#m15"><b>enterCredentialsMethod</b>  </a></td><td class="numi">1</td><td>1621713300373</td><td class="numi">3</td></tr>
<tr class="passedodd"><td>class2.EnableAndDisableBatch9</td><td><a href="#m16"><b>validationOfTitle</b>  </a></td><td class="numi">1</td><td>1621713299337</td><td class="numi">11</td></tr>
<tr class="passedeven"><td>class2.Task2Batch9</td><td><a href="#m17"><b>invalidLogin</b>  </a></td><td class="numi">1</td><td>1621713308275</td><td class="numi">322</td></tr>
<tr class="passedodd"><td>class3.ExampleBatch9</td><td><a href="#m18"><b>secondFunction</b> (smoke) </a></td><td class="numi">1</td><td>1621713354335</td><td class="numi">1</td></tr>
<tr class="passedeven"><td rowspan="2">class3.Grouping</td><td><a href="#m19"><b>secondMethod</b> (testone) </a></td><td class="numi">1</td><td>1621713354359</td><td class="numi">1</td></tr><tr class="passedeven"><td><a href="#m20"><b>fourthMethod</b> (smoke) </a></td><td class="numi">1</td><td>1621713354352</td><td class="numi">1</td></tr>
<tr class="passedodd"><td rowspan="2">class1.Task</td><td><a href="#m21"><b>getUrl</b>  </a></td><td class="numi">1</td><td>1621713280272</td><td class="numi">0</td></tr><tr class="passedodd"><td><a href="#m22"><b>logIn</b>  </a></td><td class="numi">1</td><td>1621713280275</td><td class="numi">1</td></tr>
<tr class="passedeven"><td>class3.ExampleBatch9</td><td><a href="#m23"><b>fourthFunction</b> (smoke) </a></td><td class="numi">1</td><td>1621713354333</td><td class="numi">1</td></tr>
<tr class="passedodd"><td>class2.DependsOnAttributeBatch9</td><td><a href="#m24"><b>enterCredentials</b>  </a></td><td class="numi">1</td><td>1621713280314</td><td class="numi">0</td></tr>
<tr class="passedeven"><td>class3.Grouping</td><td><a href="#m25"><b>firstMethod</b> (smoke) </a></td><td class="numi">1</td><td>1621713354343</td><td class="numi">0</td></tr>
<tr class="passedodd"><td>class1.LoginTestBatch9</td><td><a href="#m26"><b>validLogin</b>  </a></td><td class="numi">1</td><td>1621713266204</td><td class="numi">4583</td></tr>
<tr class="passedeven"><td>class1.Task</td><td><a href="#m27"><b>quit</b>  </a></td><td class="numi">1</td><td>1621713280285</td><td class="numi">3</td></tr>
<tr class="passedodd"><td>class2.DependsOnAttributeBatch9</td><td><a href="#m28"><b>launchApplication</b>  </a></td><td class="numi">1</td><td>1621713280305</td><td class="numi">2</td></tr>
<tr class="passedeven"><td>class3.LoginTestBatch9</td><td><a href="#m29"><b>validationOfTitle</b> (sprint1) </a></td><td class="numi">1</td><td>1621713378827</td><td class="numi">14</td></tr>
</table>
<h1>C:/Users/tijan/IdeaProjects/TestNgProjects</h1>
<h2 id="m1">class3.DataProviderDemo:validLogin</h2>
<table cellspacing="0" cellpadding="0" class="result">
<tr class="param"><th>Parameter #1</th><th>Parameter #2</th></tr>
<tr class="param stripe"><td>Admin</td>
<td>Hum@nhrm123</td>
</tr>
<tr><td colspan="2">
<div class="stacktrace">org.openqa.selenium.NoSuchElementException: no such element: Unable to locate element: {&quot;method&quot;:&quot;xpath&quot;,&quot;selector&quot;:&quot;//*[text()=&apos;Welcome Admin&apos;]&quot;}
  (Session info: chrome=90.0.4430.212)
For documentation on this error, please visit: https://www.seleniumhq.org/exceptions/no_such_element.html
Build info: version: &apos;3.141.59&apos;, revision: &apos;e82be7d358&apos;, time: &apos;2018-11-14T08:25:48&apos;
System info: host: &apos;LAPTOP-7O38B23I&apos;, ip: &apos;10.0.0.68&apos;, os.name: &apos;Windows 10&apos;, os.arch: &apos;amd64&apos;, os.version: &apos;10.0&apos;, java.version: &apos;14.0.1&apos;
Driver info: org.openqa.selenium.chrome.ChromeDriver
Capabilities {acceptInsecureCerts: false, browserName: chrome, browserVersion: 90.0.4430.212, chrome: {chromedriverVersion: 89.0.4389.23 (61b08ee2c5002..., userDataDir: C:\Users\tijan\AppData\Loca...}, goog:chromeOptions: {debuggerAddress: localhost:56046}, javascriptEnabled: true, networkConnectionEnabled: false, pageLoadStrategy: normal, platform: WINDOWS, platformName: WINDOWS, proxy: Proxy(), setWindowRect: true, strictFileInteractability: false, timeouts: {implicit: 0, pageLoad: 300000, script: 30000}, unhandledPromptBehavior: dismiss and notify, webauthn:extension:largeBlob: true, webauthn:virtualAuthenticators: true}
Session ID: ccde3812d6256029e12fa33aa8eeb8dd
*** Element info: {Using=xpath, value=//*[text()=&apos;Welcome Admin&apos;]}
	at java.base/jdk.internal.reflect.NativeConstructorAccessorImpl.newInstance0(Native Method)
	at java.base/jdk.internal.reflect.NativeConstructorAccessorImpl.newInstance(NativeConstructorAccessorImpl.java:62)
	at java.base/jdk.internal.reflect.DelegatingConstructorAccessorImpl.newInstance(DelegatingConstructorAccessorImpl.java:45)
	at java.base/java.lang.reflect.Constructor.newInstanceWithCaller(Constructor.java:500)
	at java.base/java.lang.reflect.Constructor.newInstance(Constructor.java:481)
	at org.openqa.selenium.remote.http.W3CHttpResponseCodec.createException(W3CHttpResponseCodec.java:187)
	at org.openqa.selenium.remote.http.W3CHttpResponseCodec.decode(W3CHttpResponseCodec.java:122)
	at org.openqa.selenium.remote.http.W3CHttpResponseCodec.decode(W3CHttpResponseCodec.java:49)
	at org.openqa.selenium.remote.HttpCommandExecutor.execute(HttpCommandExecutor.java:158)
	at org.openqa.selenium.remote.service.DriverCommandExecutor.execute(DriverCommandExecutor.java:83)
	at org.openqa.selenium.remote.RemoteWebDriver.execute(RemoteWebDriver.java:552)
	at org.openqa.selenium.remote.RemoteWebDriver.findElement(RemoteWebDriver.java:323)
	at org.openqa.selenium.remote.RemoteWebDriver.findElementByXPath(RemoteWebDriver.java:428)
	at org.openqa.selenium.By$ByXPath.findElement(By.java:353)
	at org.openqa.selenium.remote.RemoteWebDriver.findElement(RemoteWebDriver.java:315)
	at class3.DataProviderDemo.validLogin(DataProviderDemo.java:57)
	at java.base/jdk.internal.reflect.NativeMethodAccessorImpl.invoke0(Native Method)
	at java.base/jdk.internal.reflect.NativeMethodAccessorImpl.invoke(NativeMethodAccessorImpl.java:62)
	at java.base/jdk.internal.reflect.DelegatingMethodAccessorImpl.invoke(DelegatingMethodAccessorImpl.java:43)
	at java.base/java.lang.reflect.Method.invoke(Method.java:564)
	at org.testng.internal.MethodInvocationHelper.invokeMethod(MethodInvocationHelper.java:133)
	at org.testng.internal.TestInvoker.invokeMethod(TestInvoker.java:598)
	at org.testng.internal.TestInvoker.invokeTestMethod(TestInvoker.java:173)
	at org.testng.internal.MethodRunner.runInSequence(MethodRunner.java:46)
	at org.testng.internal.TestInvoker$MethodInvocationAgent.invoke(TestInvoker.java:824)
	at org.testng.internal.TestInvoker.invokeTestMethods(TestInvoker.java:146)
	at org.testng.internal.TestMethodWorker.invokeTestMethods(TestMethodWorker.java:146)
	at org.testng.internal.TestMethodWorker.run(TestMethodWorker.java:128)
	at java.base/java.util.ArrayList.forEach(ArrayList.java:1510)
	at org.testng.TestRunner.privateRun(TestRunner.java:794)
	at org.testng.TestRunner.run(TestRunner.java:596)
	at org.testng.SuiteRunner.runTest(SuiteRunner.java:377)
	at org.testng.SuiteRunner.runSequentially(SuiteRunner.java:371)
	at org.testng.SuiteRunner.privateRun(SuiteRunner.java:332)
	at org.testng.SuiteRunner.run(SuiteRunner.java:276)
	at org.testng.SuiteRunnerWorker.runSuite(SuiteRunnerWorker.java:53)
	at org.testng.SuiteRunnerWorker.run(SuiteRunnerWorker.java:96)
	at org.testng.TestNG.runSuitesSequentially(TestNG.java:1212)
	at org.testng.TestNG.runSuitesLocally(TestNG.java:1134)
	at org.testng.TestNG.runSuites(TestNG.java:1063)
	at org.testng.TestNG.run(TestNG.java:1031)
	at com.intellij.rt.testng.IDEARemoteTestNG.run(IDEARemoteTestNG.java:66)
	at com.intellij.rt.testng.RemoteTestNGStarter.main(RemoteTestNGStarter.java:109)
</div>
</td></tr>
</table>
<p class="totop"><a href="#summary">back to summary</a></p>
<h2 id="m2">class3.DataProviderDemo:validLogin</h2>
<table cellspacing="0" cellpadding="0" class="result">
<tr class="param"><th>Parameter #1</th><th>Parameter #2</th></tr>
<tr class="param stripe"><td>Kseniaa</td>
<td>Syntax123!</td>
</tr>
<tr><td colspan="2">
<div class="stacktrace">org.openqa.selenium.NoSuchElementException: no such element: Unable to locate element: {&quot;method&quot;:&quot;xpath&quot;,&quot;selector&quot;:&quot;//*[text()=&apos;Welcome Admin&apos;]&quot;}
  (Session info: chrome=90.0.4430.212)
For documentation on this error, please visit: https://www.seleniumhq.org/exceptions/no_such_element.html
Build info: version: &apos;3.141.59&apos;, revision: &apos;e82be7d358&apos;, time: &apos;2018-11-14T08:25:48&apos;
System info: host: &apos;LAPTOP-7O38B23I&apos;, ip: &apos;10.0.0.68&apos;, os.name: &apos;Windows 10&apos;, os.arch: &apos;amd64&apos;, os.version: &apos;10.0&apos;, java.version: &apos;14.0.1&apos;
Driver info: org.openqa.selenium.chrome.ChromeDriver
Capabilities {acceptInsecureCerts: false, browserName: chrome, browserVersion: 90.0.4430.212, chrome: {chromedriverVersion: 89.0.4389.23 (61b08ee2c5002..., userDataDir: C:\Users\tijan\AppData\Loca...}, goog:chromeOptions: {debuggerAddress: localhost:56072}, javascriptEnabled: true, networkConnectionEnabled: false, pageLoadStrategy: normal, platform: WINDOWS, platformName: WINDOWS, proxy: Proxy(), setWindowRect: true, strictFileInteractability: false, timeouts: {implicit: 0, pageLoad: 300000, script: 30000}, unhandledPromptBehavior: dismiss and notify, webauthn:extension:largeBlob: true, webauthn:virtualAuthenticators: true}
Session ID: 66e3398baf003c23ff352ef75ac05935
*** Element info: {Using=xpath, value=//*[text()=&apos;Welcome Admin&apos;]}
	at java.base/jdk.internal.reflect.NativeConstructorAccessorImpl.newInstance0(Native Method)
	at java.base/jdk.internal.reflect.NativeConstructorAccessorImpl.newInstance(NativeConstructorAccessorImpl.java:62)
	at java.base/jdk.internal.reflect.DelegatingConstructorAccessorImpl.newInstance(DelegatingConstructorAccessorImpl.java:45)
	at java.base/java.lang.reflect.Constructor.newInstanceWithCaller(Constructor.java:500)
	at java.base/java.lang.reflect.Constructor.newInstance(Constructor.java:481)
	at org.openqa.selenium.remote.http.W3CHttpResponseCodec.createException(W3CHttpResponseCodec.java:187)
	at org.openqa.selenium.remote.http.W3CHttpResponseCodec.decode(W3CHttpResponseCodec.java:122)
	at org.openqa.selenium.remote.http.W3CHttpResponseCodec.decode(W3CHttpResponseCodec.java:49)
	at org.openqa.selenium.remote.HttpCommandExecutor.execute(HttpCommandExecutor.java:158)
	at org.openqa.selenium.remote.service.DriverCommandExecutor.execute(DriverCommandExecutor.java:83)
	at org.openqa.selenium.remote.RemoteWebDriver.execute(RemoteWebDriver.java:552)
	at org.openqa.selenium.remote.RemoteWebDriver.findElement(RemoteWebDriver.java:323)
	at org.openqa.selenium.remote.RemoteWebDriver.findElementByXPath(RemoteWebDriver.java:428)
	at org.openqa.selenium.By$ByXPath.findElement(By.java:353)
	at org.openqa.selenium.remote.RemoteWebDriver.findElement(RemoteWebDriver.java:315)
	at class3.DataProviderDemo.validLogin(DataProviderDemo.java:57)
	at java.base/jdk.internal.reflect.NativeMethodAccessorImpl.invoke0(Native Method)
	at java.base/jdk.internal.reflect.NativeMethodAccessorImpl.invoke(NativeMethodAccessorImpl.java:62)
	at java.base/jdk.internal.reflect.DelegatingMethodAccessorImpl.invoke(DelegatingMethodAccessorImpl.java:43)
	at java.base/java.lang.reflect.Method.invoke(Method.java:564)
	at org.testng.internal.MethodInvocationHelper.invokeMethod(MethodInvocationHelper.java:133)
	at org.testng.internal.TestInvoker.invokeMethod(TestInvoker.java:598)
	at org.testng.internal.TestInvoker.invokeTestMethod(TestInvoker.java:173)
	at org.testng.internal.MethodRunner.runInSequence(MethodRunner.java:46)
	at org.testng.internal.TestInvoker$MethodInvocationAgent.invoke(TestInvoker.java:824)
	at org.testng.internal.TestInvoker.invokeTestMethods(TestInvoker.java:146)
	at org.testng.internal.TestMethodWorker.invokeTestMethods(TestMethodWorker.java:146)
	at org.testng.internal.TestMethodWorker.run(TestMethodWorker.java:128)
	at java.base/java.util.ArrayList.forEach(ArrayList.java:1510)
	at org.testng.TestRunner.privateRun(TestRunner.java:794)
	at org.testng.TestRunner.run(TestRunner.java:596)
	at org.testng.SuiteRunner.runTest(SuiteRunner.java:377)
	at org.testng.SuiteRunner.runSequentially(SuiteRunner.java:371)
	at org.testng.SuiteRunner.privateRun(SuiteRunner.java:332)
	at org.testng.SuiteRunner.run(SuiteRunner.java:276)
	at org.testng.SuiteRunnerWorker.runSuite(SuiteRunnerWorker.java:53)
	at org.testng.SuiteRunnerWorker.run(SuiteRunnerWorker.java:96)
	at org.testng.TestNG.runSuitesSequentially(TestNG.java:1212)
	at org.testng.TestNG.runSuitesLocally(TestNG.java:1134)
	at org.testng.TestNG.runSuites(TestNG.java:1063)
	at org.testng.TestNG.run(TestNG.java:1031)
	at com.intellij.rt.testng.IDEARemoteTestNG.run(IDEARemoteTestNG.java:66)
	at com.intellij.rt.testng.RemoteTestNGStarter.main(RemoteTestNGStarter.java:109)
</div>
</td></tr>
</table>
<p class="totop"><a href="#summary">back to summary</a></p>
<h2 id="m3">class3.DataProviderDemo:validLogin</h2>
<table cellspacing="0" cellpadding="0" class="result">
<tr class="param"><th>Parameter #1</th><th>Parameter #2</th></tr>
<tr class="param stripe"><td>Kseniaa</td>
<td>Syntax123!</td>
</tr>
<tr><td colspan="2">
<div class="stacktrace">org.openqa.selenium.NoSuchElementException: no such element: Unable to locate element: {&quot;method&quot;:&quot;xpath&quot;,&quot;selector&quot;:&quot;//*[text()=&apos;Welcome Admin&apos;]&quot;}
  (Session info: chrome=90.0.4430.212)
For documentation on this error, please visit: https://www.seleniumhq.org/exceptions/no_such_element.html
Build info: version: &apos;3.141.59&apos;, revision: &apos;e82be7d358&apos;, time: &apos;2018-11-14T08:25:48&apos;
System info: host: &apos;LAPTOP-7O38B23I&apos;, ip: &apos;10.0.0.68&apos;, os.name: &apos;Windows 10&apos;, os.arch: &apos;amd64&apos;, os.version: &apos;10.0&apos;, java.version: &apos;14.0.1&apos;
Driver info: org.openqa.selenium.chrome.ChromeDriver
Capabilities {acceptInsecureCerts: false, browserName: chrome, browserVersion: 90.0.4430.212, chrome: {chromedriverVersion: 89.0.4389.23 (61b08ee2c5002..., userDataDir: C:\Users\tijan\AppData\Loca...}, goog:chromeOptions: {debuggerAddress: localhost:56095}, javascriptEnabled: true, networkConnectionEnabled: false, pageLoadStrategy: normal, platform: WINDOWS, platformName: WINDOWS, proxy: Proxy(), setWindowRect: true, strictFileInteractability: false, timeouts: {implicit: 0, pageLoad: 300000, script: 30000}, unhandledPromptBehavior: dismiss and notify, webauthn:extension:largeBlob: true, webauthn:virtualAuthenticators: true}
Session ID: 1490b57b99e32c17089ab466ee1095fd
*** Element info: {Using=xpath, value=//*[text()=&apos;Welcome Admin&apos;]}
	at java.base/jdk.internal.reflect.NativeConstructorAccessorImpl.newInstance0(Native Method)
	at java.base/jdk.internal.reflect.NativeConstructorAccessorImpl.newInstance(NativeConstructorAccessorImpl.java:62)
	at java.base/jdk.internal.reflect.DelegatingConstructorAccessorImpl.newInstance(DelegatingConstructorAccessorImpl.java:45)
	at java.base/java.lang.reflect.Constructor.newInstanceWithCaller(Constructor.java:500)
	at java.base/java.lang.reflect.Constructor.newInstance(Constructor.java:481)
	at org.openqa.selenium.remote.http.W3CHttpResponseCodec.createException(W3CHttpResponseCodec.java:187)
	at org.openqa.selenium.remote.http.W3CHttpResponseCodec.decode(W3CHttpResponseCodec.java:122)
	at org.openqa.selenium.remote.http.W3CHttpResponseCodec.decode(W3CHttpResponseCodec.java:49)
	at org.openqa.selenium.remote.HttpCommandExecutor.execute(HttpCommandExecutor.java:158)
	at org.openqa.selenium.remote.service.DriverCommandExecutor.execute(DriverCommandExecutor.java:83)
	at org.openqa.selenium.remote.RemoteWebDriver.execute(RemoteWebDriver.java:552)
	at org.openqa.selenium.remote.RemoteWebDriver.findElement(RemoteWebDriver.java:323)
	at org.openqa.selenium.remote.RemoteWebDriver.findElementByXPath(RemoteWebDriver.java:428)
	at org.openqa.selenium.By$ByXPath.findElement(By.java:353)
	at org.openqa.selenium.remote.RemoteWebDriver.findElement(RemoteWebDriver.java:315)
	at class3.DataProviderDemo.validLogin(DataProviderDemo.java:57)
	at java.base/jdk.internal.reflect.NativeMethodAccessorImpl.invoke0(Native Method)
	at java.base/jdk.internal.reflect.NativeMethodAccessorImpl.invoke(NativeMethodAccessorImpl.java:62)
	at java.base/jdk.internal.reflect.DelegatingMethodAccessorImpl.invoke(DelegatingMethodAccessorImpl.java:43)
	at java.base/java.lang.reflect.Method.invoke(Method.java:564)
	at org.testng.internal.MethodInvocationHelper.invokeMethod(MethodInvocationHelper.java:133)
	at org.testng.internal.TestInvoker.invokeMethod(TestInvoker.java:598)
	at org.testng.internal.TestInvoker.invokeTestMethod(TestInvoker.java:173)
	at org.testng.internal.MethodRunner.runInSequence(MethodRunner.java:46)
	at org.testng.internal.TestInvoker$MethodInvocationAgent.invoke(TestInvoker.java:824)
	at org.testng.internal.TestInvoker.invokeTestMethods(TestInvoker.java:146)
	at org.testng.internal.TestMethodWorker.invokeTestMethods(TestMethodWorker.java:146)
	at org.testng.internal.TestMethodWorker.run(TestMethodWorker.java:128)
	at java.base/java.util.ArrayList.forEach(ArrayList.java:1510)
	at org.testng.TestRunner.privateRun(TestRunner.java:794)
	at org.testng.TestRunner.run(TestRunner.java:596)
	at org.testng.SuiteRunner.runTest(SuiteRunner.java:377)
	at org.testng.SuiteRunner.runSequentially(SuiteRunner.java:371)
	at org.testng.SuiteRunner.privateRun(SuiteRunner.java:332)
	at org.testng.SuiteRunner.run(SuiteRunner.java:276)
	at org.testng.SuiteRunnerWorker.runSuite(SuiteRunnerWorker.java:53)
	at org.testng.SuiteRunnerWorker.run(SuiteRunnerWorker.java:96)
	at org.testng.TestNG.runSuitesSequentially(TestNG.java:1212)
	at org.testng.TestNG.runSuitesLocally(TestNG.java:1134)
	at org.testng.TestNG.runSuites(TestNG.java:1063)
	at org.testng.TestNG.run(TestNG.java:1031)
	at com.intellij.rt.testng.IDEARemoteTestNG.run(IDEARemoteTestNG.java:66)
	at com.intellij.rt.testng.RemoteTestNGStarter.main(RemoteTestNGStarter.java:109)
</div>
</td></tr>
</table>
<p class="totop"><a href="#summary">back to summary</a></p>
<h2 id="m4">class2.PriotityBatch9:logoutMethod</h2>
<p class="totop"><a href="#summary">back to summary</a></p>
<h2 id="m5">class3.ExampleBatch9:thirdFunction</h2>
<p class="totop"><a href="#summary">back to summary</a></p>
<h2 id="m6">class2.PriotityBatch9:enterInvalidCrdentials</h2>
<p class="totop"><a href="#summary">back to summary</a></p>
<h2 id="m7">class3.Grouping:secondMethod</h2>
<p class="totop"><a href="#summary">back to summary</a></p>
<h2 id="m8">class3.Grouping:fourthMethod</h2>
<p class="totop"><a href="#summary">back to summary</a></p>
<h2 id="m9">class3.LoginTestBatch9:validLogin</h2>
<p class="totop"><a href="#summary">back to summary</a></p>
<h2 id="m10">class1.Task:getUrl</h2>
<p class="totop"><a href="#summary">back to summary</a></p>
<h2 id="m11">class1.Task:logIn</h2>
<p class="totop"><a href="#summary">back to summary</a></p>
<h2 id="m12">class3.ExampleBatch9:fourthFunction</h2>
<p class="totop"><a href="#summary">back to summary</a></p>
<h2 id="m13">class1.LoginTestBatch9:validationOfTitle</h2>
<p class="totop"><a href="#summary">back to summary</a></p>
<h2 id="m14">class2.AssertionsBatch9:assertVerification</h2>
<p class="totop"><a href="#summary">back to summary</a></p>
<h2 id="m15">class2.PriotityBatch9:anotherTestMethod</h2>
<p class="totop"><a href="#summary">back to summary</a></p>
<h2 id="m16">class3.ExampleBatch9:firstFunction</h2>
<p class="totop"><a href="#summary">back to summary</a></p>
<h2 id="m17">class3.Grouping:thirdMethod</h2>
<p class="totop"><a href="#summary">back to summary</a></p>
<h2 id="m18">class2.DependsOnAttributeBatch9:enterCredentials</h2>
<p class="totop"><a href="#summary">back to summary</a></p>
<h2 id="m19">class3.Grouping:firstMethod</h2>
<p class="totop"><a href="#summary">back to summary</a></p>
<h2 id="m20">class1.LoginTestBatch9:validLogin</h2>
<p class="totop"><a href="#summary">back to summary</a></p>
<h2 id="m21">class1.Task:quit</h2>
<p class="totop"><a href="#summary">back to summary</a></p>
<h2 id="m22">class2.PriotityBatch9:loginMethod</h2>
<p class="totop"><a href="#summary">back to summary</a></p>
<h2 id="m23">class2.EnableAndDisableBatch9:validLogin</h2>
<p class="totop"><a href="#summary">back to summary</a></p>
<h2 id="m24">class2.PriotityBatch9:enterCredentialsMethod</h2>
<p class="totop"><a href="#summary">back to summary</a></p>
<h2 id="m25">class2.DependsOnAttributeBatch9:launchApplication</h2>
<p class="totop"><a href="#summary">back to summary</a></p>
<h2 id="m26">class3.LoginTestBatch9:validationOfTitle</h2>
<p class="totop"><a href="#summary">back to summary</a></p>
<h2 id="m27">class2.EnableAndDisableBatch9:validationOfTitle</h2>
<p class="totop"><a href="#summary">back to summary</a></p>
<h2 id="m28">class2.Task2Batch9:invalidLogin</h2>
<p class="totop"><a href="#summary">back to summary</a></p>
<h2 id="m29">class3.ExampleBatch9:secondFunction</h2>
<p class="totop"><a href="#summary">back to summary</a></p>
</body></html>
